<?xml version="1.0" encoding="UTF-8"?>
<testsuite xmlns:xsi="http://www.w3.org/2001/XMLSchema-instance" xsi:noNamespaceSchemaLocation="https://maven.apache.org/surefire/maven-surefire-plugin/xsd/surefire-test-report-3.0.xsd" version="3.0" name="com.eventspark.calculator.service.CalculatorServiceTest" time="4.084" tests="6" errors="0" skipped="0" failures="0">
  <properties>
[...]
</properties>
  <testcase name="testMultiplication" classname="com.eventspark.calculator.service.CalculatorServiceTest" time="1.064">
    <system-out><![CDATA[23:57:56.993 [main] INFO org.springframework.test.context.support.AnnotationConfigContextLoaderUtils -- Could not detect default configuration classes for test class [com.eventspark.calculator.service.CalculatorServiceTest]: CalculatorServiceTest does not declare any static, non-private, non-final, nested classes annotated with @Configuration.
23:57:57.126 [main] INFO org.springframework.boot.test.context.SpringBootTestContextBootstrapper -- Found @SpringBootConfiguration com.eventspark.calculator.CalculatorApplication for test class com.eventspark.calculator.service.CalculatorServiceTest

  .   ____          _            __ _ _
 /\\ / ___'_ __ _ _(_)_ __  __ _ \ \ \ \
( ( )\___ | '_ | '_| | '_ \/ _` | \ \ \ \
 \\/  ___)| |_)| | | | | || (_| |  ) ) ) )
  '  |____| .__|_| |_|_| |_\__, | / / / /
 =========|_|==============|___/=/_/_/_/
 :: Spring Boot ::                (v3.2.0)

2025-06-18T23:57:57.798-03:00  INFO 36692 --- [calculator-backend ] [           main] c.e.c.service.CalculatorServiceTest      : Starting CalculatorServiceTest using Java 22.0.2 with PID 36692 (started by scien in C:\Users\scien\OneDrive\Desktop\EventSpark\Backend)
2025-06-18T23:57:57.800-03:00  INFO 36692 --- [calculator-backend ] [           main] c.e.c.service.CalculatorServiceTest      : No active profile set, falling back to 1 default profile: "default"
2025-06-18T23:57:59.729-03:00  INFO 36692 --- [calculator-backend ] [           main] c.e.c.service.CalculatorServiceTest      : Started CalculatorServiceTest in 2.44 seconds (process running for 3.666)
]]></system-out>
    <system-err><![CDATA[WARNING: A Java agent has been loaded dynamically (C:\Users\scien\.m2\repository\net\bytebuddy\byte-buddy-agent\1.14.10\byte-buddy-agent-1.14.10.jar)
WARNING: If a serviceability tool is in use, please run with -XX:+EnableDynamicAgentLoading to hide this warning
WARNING: If a serviceability tool is not in use, please run with -Djdk.instrument.traceUsage for more information
WARNING: Dynamic loading of agents will be disallowed by default in a future release
]]></system-err>
  </testcase>
  <testcase name="testAddition" classname="com.eventspark.calculator.service.CalculatorServiceTest" time="0.006"/>
  <testcase name="testInvalidOperation" classname="com.eventspark.calculator.service.CalculatorServiceTest" time="0.0"/>
  <testcase name="testDivisionByZero" classname="com.eventspark.calculator.service.CalculatorServiceTest" time="0.01"/>
  <testcase name="testDivision" classname="com.eventspark.calculator.service.CalculatorServiceTest" time="0.0"/>
  <testcase name="testSubtraction" classname="com.eventspark.calculator.service.CalculatorServiceTest" time="0.0"/>
</testsuite>